<?xml version="1.0" encoding="UTF-8"?>
<Site BuildName="Linux-g++"
	BuildStamp="20240527-0801-Experimental"
	Name="archlinux"
	Generator="ctest-3.29.3"
	CompilerName="/usr/bin/g++"
	CompilerVersion="14.1.1"
	OSName="Linux"
	Hostname="archlinux"
	OSRelease="6.9.1-arch1-1"
	OSVersion="#1 SMP PREEMPT_DYNAMIC Fri, 17 May 2024 16:56:38 +0000"
	OSPlatform="x86_64"
	Is64Bits="1"
	VendorString="GenuineIntel"
	VendorID="Intel Corporation"
	FamilyID="6"
	ModelID="63"
	ProcessorCacheSize="35840"
	NumberOfLogicalCPU="28"
	NumberOfPhysicalCPU="14"
	TotalVirtualMemory="4095"
	TotalPhysicalMemory="23863"
	LogicalProcessorsPerPhysical="2"
	ProcessorClockFrequency="2593.84"
	>
	<Testing>
		<StartDateTime>May 27 18:43 +10</StartDateTime>
		<StartTestTime>1716799437</StartTestTime>
		<TestList/>
		<EndDateTime>May 27 18:43 +10</EndDateTime>
		<EndTestTime>1716799437</EndTestTime>
		<ElapsedMinutes>0</ElapsedMinutes>
	</Testing>
</Site>
